<?xml version="1.0" encoding="UTF-8"?>
<testng-results ignored="0" total="1" passed="1" failed="0" skipped="0">
  <reporter-output>
  </reporter-output>
  <suite started-at="2022-07-22T01:00:20 IST" name="Default suite" finished-at="2022-07-22T01:00:35 IST" duration-ms="15462">
    <groups>
    </groups>
    <test started-at="2022-07-22T01:00:20 IST" name="Default test" finished-at="2022-07-22T01:00:35 IST" duration-ms="15462">
      <class name="testNG.TestWebtable">
        <test-method is-config="true" signature="openApp()[pri:0, instance:testNG.TestWebtable@22e357dc]" started-at="2022-07-22T01:00:20 IST" name="openApp" finished-at="2022-07-22T01:00:34 IST" duration-ms="14439" status="PASS">
          <reporter-output>
          </reporter-output>
        </test-method> <!-- openApp -->
        <test-method signature="action()[pri:0, instance:testNG.TestWebtable@22e357dc]" started-at="2022-07-22T01:00:34 IST" name="action" finished-at="2022-07-22T01:00:35 IST" duration-ms="964" status="PASS">
          <reporter-output>
          </reporter-output>
        </test-method> <!-- action -->
      </class> <!-- testNG.TestWebtable -->
    </test> <!-- Default test -->
  </suite> <!-- Default suite -->
</testng-results>
